<?xml version="1.0" encoding="UTF-8"?>
<testsuite xmlns:xsi="http://www.w3.org/2001/XMLSchema-instance" xsi:noNamespaceSchemaLocation="https://maven.apache.org/surefire/maven-surefire-plugin/xsd/surefire-test-report-3.0.xsd" version="3.0" name="TestSuite" time="25.115" tests="2" errors="0" skipped="0" failures="2">
  <properties>
[...]
</properties>
  <testcase name="loginLogoutTests[{fname=test, password=admin123, browser=chrome, testname=loginLogoutTests, execute=yes, username=Admin}](1)" classname="tests.OrangeHRMTests" time="5.05">
    <failure message="&#10;expected: &quot;OrangeHRM123&quot;&#10; but was: &quot;OrangeHRM&quot;" type="java.lang.AssertionError"><![CDATA[java.lang.AssertionError: 

expected: "OrangeHRM123"
 but was: "OrangeHRM"
	at tests.OrangeHRMTests.loginLogoutTests(OrangeHRMTests.java:31)
	at java.base/jdk.internal.reflect.DirectMethodHandleAccessor.invoke(DirectMethodHandleAccessor.java:104)
	at java.base/java.lang.reflect.Method.invoke(Method.java:577)
	at org.testng.internal.invokers.MethodInvocationHelper.invokeMethod(MethodInvocationHelper.java:135)
	at org.testng.internal.invokers.TestInvoker.invokeMethod(TestInvoker.java:673)
	at org.testng.internal.invokers.TestInvoker.invokeTestMethod(TestInvoker.java:220)
	at org.testng.internal.invokers.MethodRunner.runInSequence(MethodRunner.java:50)
	at org.testng.internal.invokers.TestInvoker$MethodInvocationAgent.invoke(TestInvoker.java:945)
	at org.testng.internal.invokers.TestInvoker.invokeTestMethods(TestInvoker.java:193)
	at org.testng.internal.invokers.TestMethodWorker.invokeTestMethods(TestMethodWorker.java:146)
	at org.testng.internal.invokers.TestMethodWorker.run(TestMethodWorker.java:128)
	at java.base/java.util.concurrent.ThreadPoolExecutor.runWorker(ThreadPoolExecutor.java:1136)
	at java.base/java.util.concurrent.ThreadPoolExecutor$Worker.run(ThreadPoolExecutor.java:635)
	at java.base/java.lang.Thread.run(Thread.java:833)
]]></failure>
    <system-out><![CDATA[loginLogoutTests
[{fname=test, password=admin123, browser=chrome, testname=loginLogoutTests, execute=yes, username=Admin}, {fname=, password=admin123, browser=firefox, testname=loginLogoutTests, execute=yes, username=Admin}]
]]></system-out>
    <system-err><![CDATA[Starting ChromeDriver 105.0.5195.19 (b9c217c128c16f53d12f9a02933fcfdec1bf49af-refs/branch-heads/5195@{#176}) on port 57853
Only local connections are allowed.
Please see https://chromedriver.chromium.org/security-considerations for suggestions on keeping ChromeDriver safe.
ChromeDriver was started successfully.
[1665601534.774][WARNING]: This version of ChromeDriver has not been tested with Chrome version 106.
Oct 12, 2022 3:05:35 PM org.openqa.selenium.remote.ProtocolHandshake createSession
INFO: Detected upstream dialect: W3C
Oct 12, 2022 3:05:35 PM org.openqa.selenium.devtools.CdpVersionFinder findNearestMatch
INFO: Found exact CDP implementation for version 106
]]></system-err>
  </testcase>
  <testcase name="loginLogoutTests[{fname=, password=admin123, browser=firefox, testname=loginLogoutTests, execute=yes, username=Admin}](2)" classname="tests.OrangeHRMTests" time="4.152">
    <failure message="&#10;expected: &quot;OrangeHRM123&quot;&#10; but was: &quot;OrangeHRM&quot;" type="java.lang.AssertionError"><![CDATA[java.lang.AssertionError: 

expected: "OrangeHRM123"
 but was: "OrangeHRM"
	at tests.OrangeHRMTests.loginLogoutTests(OrangeHRMTests.java:31)
	at java.base/jdk.internal.reflect.DirectMethodHandleAccessor.invoke(DirectMethodHandleAccessor.java:104)
	at java.base/java.lang.reflect.Method.invoke(Method.java:577)
	at org.testng.internal.invokers.MethodInvocationHelper.invokeMethod(MethodInvocationHelper.java:135)
	at org.testng.internal.invokers.TestInvoker.invokeMethod(TestInvoker.java:673)
	at org.testng.internal.invokers.TestInvoker.invokeTestMethod(TestInvoker.java:220)
	at org.testng.internal.invokers.MethodRunner.runInSequence(MethodRunner.java:50)
	at org.testng.internal.invokers.TestInvoker$MethodInvocationAgent.invoke(TestInvoker.java:945)
	at org.testng.internal.invokers.TestInvoker.invokeTestMethods(TestInvoker.java:193)
	at org.testng.internal.invokers.TestMethodWorker.invokeTestMethods(TestMethodWorker.java:146)
	at org.testng.internal.invokers.TestMethodWorker.run(TestMethodWorker.java:128)
	at java.base/java.util.concurrent.ThreadPoolExecutor.runWorker(ThreadPoolExecutor.java:1136)
	at java.base/java.util.concurrent.ThreadPoolExecutor$Worker.run(ThreadPoolExecutor.java:635)
	at java.base/java.lang.Thread.run(Thread.java:833)
]]></failure>
    <system-err><![CDATA[1665601542797	geckodriver	INFO	Listening on 127.0.0.1:55578
1665601542852	mozrunner::runner	INFO	Running command: "/Applications/Firefox.app/Contents/MacOS/firefox-bin" "--marionette" "--remote-debugging-port" "54453" "--remote-allow-hosts" "localhost" "--remote-allow-origins" "http://127.0.0.1:54453/,http://localhost:54453/,http://[::1]:54453/" "-foreground" "-no-remote" "-profile" "/var/folders/c1/9j308kts4px2dkkcl36y5xp80000gn/T/rust_mozprofile41trgs"
1665601544060	Marionette	INFO	Marionette enabled
1665601544100	Marionette	INFO	Listening on port 53890
Read port: 53890
2022-10-12 15:05:44.141 plugin-container[54006:4971765] nil host used in call to allowsSpecificHTTPSCertificateForHost
2022-10-12 15:05:44.142 plugin-container[54006:4971765] nil host used in call to allowsAnyHTTPSCertificateForHost:
2022-10-12 15:05:44.154 plugin-container[54006:4971765] nil host used in call to allowsSpecificHTTPSCertificateForHost
2022-10-12 15:05:44.154 plugin-container[54006:4971765] nil host used in call to allowsAnyHTTPSCertificateForHost:
2022-10-12 15:05:44.155 plugin-container[54006:4971763] nil host used in call to allowsSpecificHTTPSCertificateForHost
2022-10-12 15:05:44.155 plugin-container[54006:4971763] nil host used in call to allowsAnyHTTPSCertificateForHost:
WebDriver BiDi listening on ws://127.0.0.1:54453
1665601544387	RemoteAgent	WARN	TLS certificate errors will be ignored for this session
console.warn: SearchSettings: "get: No settings file exists, new profile?" (new NotFoundError("Could not open the file at /var/folders/c1/9j308kts4px2dkkcl36y5xp80000gn/T/rust_mozprofile41trgs/search.json.mozlz4", (void 0)))
DevTools listening on ws://127.0.0.1:54453/devtools/browser/db484cb9-36c3-4394-8914-90f86db5f20b
Oct 12, 2022 3:05:46 PM org.openqa.selenium.remote.ProtocolHandshake createSession
INFO: Detected upstream dialect: W3C
console.warn: LoginRecipes: "Falling back to a synchronous message for: https://opensource-demo.orangehrmlive.com."
console.warn: LoginRecipes: "Falling back to a synchronous message for: https://opensource-demo.orangehrmlive.com."
]]></system-err>
  </testcase>
</testsuite>